

***********************************************************************
Fatal NI connect error 12535, connecting to:
 (DESCRIPTION=(ADDRESS=(PROTOCOL=TCP)(HOST=172.20.6.30)(PORT=1521))(CONNECT_DATA=(SERVICE_NAME=SMBMIP01)(CID=(PROGRAM=C:\Program Files\Sybase\PowerBuilder 10.0\PB100.EXE)(HOST=DEMO_SONY)(USER=centurion))))

  VERSION INFORMATION:
	TNS for 32-bit Windows: Version 9.2.0.1.0 - Production
	Windows NT TCP/IP NT Protocol Adapter for 32-bit Windows: Version 9.2.0.1.0 - Production
  Time: 11-SEP-2007 21:37:35
  Tracing not turned on.
  Tns error struct:
    nr err code: 0
    ns main err code: 12535
    TNS-12535: TNS: 操作はタイム・アウトしました。
    ns secondary err code: 12560
    nt main err code: 505
    TNS-00505: 操作タイムアウトです。
    nt secondary err code: 60
    nt OS err code: 0


***********************************************************************
Fatal NI connect error 12535, connecting to:
 (DESCRIPTION=(ADDRESS=(PROTOCOL=TCP)(HOST=172.20.6.30)(PORT=1521))(CONNECT_DATA=(SERVICE_NAME=SMBMIP01)(CID=(PROGRAM=C:\Program Files\Sybase\PowerBuilder 10.0\PB100.EXE)(HOST=DEMO_SONY)(USER=centurion))))

  VERSION INFORMATION:
	TNS for 32-bit Windows: Version 9.2.0.1.0 - Production
	Windows NT TCP/IP NT Protocol Adapter for 32-bit Windows: Version 9.2.0.1.0 - Production
  Time: 11-SEP-2007 21:41:31
  Tracing not turned on.
  Tns error struct:
    nr err code: 0
    ns main err code: 12535
    TNS-12535: TNS: 操作はタイム・アウトしました。
    ns secondary err code: 12560
    nt main err code: 505
    TNS-00505: 操作タイムアウトです。
    nt secondary err code: 60
    nt OS err code: 0


***********************************************************************
Fatal NI connect error 12535, connecting to:
 (DESCRIPTION=(ADDRESS=(PROTOCOL=TCP)(HOST=172.20.6.30)(PORT=1521))(CONNECT_DATA=(SERVICE_NAME=SMBMIP01)(CID=(PROGRAM=C:\Program Files\Sybase\PowerBuilder 10.0\PB100.EXE)(HOST=DEMO_SONY)(USER=centurion))))

  VERSION INFORMATION:
	TNS for 32-bit Windows: Version 9.2.0.1.0 - Production
	Windows NT TCP/IP NT Protocol Adapter for 32-bit Windows: Version 9.2.0.1.0 - Production
  Time: 11-SEP-2007 21:44:09
  Tracing not turned on.
  Tns error struct:
    nr err code: 0
    ns main err code: 12535
    TNS-12535: TNS: 操作はタイム・アウトしました。
    ns secondary err code: 12560
    nt main err code: 505
    TNS-00505: 操作タイムアウトです。
    nt secondary err code: 60
    nt OS err code: 0


***********************************************************************
Fatal NI connect error 12535, connecting to:
 (DESCRIPTION=(ADDRESS=(PROTOCOL=TCP)(HOST=128.1.11.1)(PORT=1521))(CONNECT_DATA=(SERVICE_NAME=morocom)(CID=(PROGRAM=C:\Program Files\Sybase\PowerBuilder 10.0\PB100.EXE)(HOST=JUPITER-D172DE2)(USER=ohmine-a))))

  VERSION INFORMATION:
	TNS for 32-bit Windows: Version 9.2.0.1.0 - Production
	Windows NT TCP/IP NT Protocol Adapter for 32-bit Windows: Version 9.2.0.1.0 - Production
  Time: 16-JUN-2008 17:01:15
  Tracing not turned on.
  Tns error struct:
    nr err code: 0
    ns main err code: 12535
    TNS-12535: TNS: 操作はタイム・アウトしました。
    ns secondary err code: 12560
    nt main err code: 505
    TNS-00505: 操作タイムアウトです。
    nt secondary err code: 60
    nt OS err code: 0


***********************************************************************
Fatal NI connect error 12535, connecting to:
 (DESCRIPTION=(ADDRESS=(PROTOCOL=TCP)(HOST=128.1.11.1)(PORT=1521))(CONNECT_DATA=(SERVICE_NAME=morocom)(CID=(PROGRAM=C:\Program Files\Sybase\PowerBuilder 10.0\PB100.EXE)(HOST=JUPITER-D172DE2)(USER=ohmine-a))))

  VERSION INFORMATION:
	TNS for 32-bit Windows: Version 9.2.0.1.0 - Production
	Windows NT TCP/IP NT Protocol Adapter for 32-bit Windows: Version 9.2.0.1.0 - Production
  Time: 16-JUN-2008 17:01:59
  Tracing not turned on.
  Tns error struct:
    nr err code: 0
    ns main err code: 12535
    TNS-12535: TNS: 操作はタイム・アウトしました。
    ns secondary err code: 12560
    nt main err code: 505
    TNS-00505: 操作タイムアウトです。
    nt secondary err code: 60
    nt OS err code: 0


***********************************************************************
Fatal NI connect error 12535, connecting to:
 (DESCRIPTION=(ADDRESS=(PROTOCOL=TCP)(HOST=128.1.11.1)(PORT=1521))(CONNECT_DATA=(SERVICE_NAME=morocom)(CID=(PROGRAM=C:\Program Files\Sybase\PowerBuilder 10.0\PB100.EXE)(HOST=JUPITER-D172DE2)(USER=ohmine-a))))

  VERSION INFORMATION:
	TNS for 32-bit Windows: Version 9.2.0.1.0 - Production
	Windows NT TCP/IP NT Protocol Adapter for 32-bit Windows: Version 9.2.0.1.0 - Production
  Time: 24-JUN-2008 14:01:33
  Tracing not turned on.
  Tns error struct:
    nr err code: 0
    ns main err code: 12535
    TNS-12535: TNS: 操作はタイム・アウトしました。
    ns secondary err code: 12560
    nt main err code: 505
    TNS-00505: 操作タイムアウトです。
    nt secondary err code: 60
    nt OS err code: 0


***********************************************************************
Fatal NI connect error 12535, connecting to:
 (DESCRIPTION=(ADDRESS=(PROTOCOL=TCP)(HOST=128.1.11.1)(PORT=1521))(CONNECT_DATA=(SERVICE_NAME=morocom)(CID=(PROGRAM=C:\Program Files\Sybase\PowerBuilder 10.0\PB100.EXE)(HOST=OHRAI)(USER=ohrai-h))))

  VERSION INFORMATION:
	TNS for 32-bit Windows: Version 9.2.0.1.0 - Production
	Windows NT TCP/IP NT Protocol Adapter for 32-bit Windows: Version 9.2.0.1.0 - Production
  Time: 25-JUN-2008 23:06:29
  Tracing not turned on.
  Tns error struct:
    nr err code: 0
    ns main err code: 12535
    TNS-12535: TNS: 操作はタイム・アウトしました。
    ns secondary err code: 12560
    nt main err code: 505
    TNS-00505: 操作タイムアウトです。
    nt secondary err code: 60
    nt OS err code: 0


***********************************************************************
Fatal NI connect error 12535, connecting to:
 (DESCRIPTION=(ADDRESS=(PROTOCOL=TCP)(HOST=128.8.100.100)(PORT=1521))(CONNECT_DATA=(SERVICE_NAME=moromis)(CID=(PROGRAM=C:\Program Files\Sybase\PowerBuilder 10.0\PB100.EXE)(HOST=OHRAI)(USER=ohrai-h))))

  VERSION INFORMATION:
	TNS for 32-bit Windows: Version 9.2.0.1.0 - Production
	Windows NT TCP/IP NT Protocol Adapter for 32-bit Windows: Version 9.2.0.1.0 - Production
  Time: 26-JUN-2008 02:49:34
  Tracing not turned on.
  Tns error struct:
    nr err code: 0
    ns main err code: 12535
    TNS-12535: TNS: 操作はタイム・アウトしました。
    ns secondary err code: 12560
    nt main err code: 505
    TNS-00505: 操作タイムアウトです。
    nt secondary err code: 60
    nt OS err code: 0


***********************************************************************
Fatal NI connect error 12535, connecting to:
 (DESCRIPTION=(ADDRESS=(PROTOCOL=TCP)(HOST=128.1.11.1)(PORT=1521))(CONNECT_DATA=(SERVICE_NAME=morocom)(CID=(PROGRAM=C:\Program Files\Sybase\PowerBuilder 10.0\PB100.EXE)(HOST=OHRAI)(USER=ohrai-h))))

  VERSION INFORMATION:
	TNS for 32-bit Windows: Version 9.2.0.1.0 - Production
	Windows NT TCP/IP NT Protocol Adapter for 32-bit Windows: Version 9.2.0.1.0 - Production
  Time: 05-DEC-2008 23:55:34
  Tracing not turned on.
  Tns error struct:
    nr err code: 0
    ns main err code: 12535
    TNS-12535: TNS: 操作はタイム・アウトしました。
    ns secondary err code: 12560
    nt main err code: 505
    TNS-00505: 操作タイムアウトです。
    nt secondary err code: 60
    nt OS err code: 0


***********************************************************************
Fatal NI connect error 12535, connecting to:
 (DESCRIPTION=(ADDRESS=(PROTOCOL=TCP)(HOST=128.102.1.43)(PORT=1521))(CONNECT_DATA=(SERVICE_NAME=ORCL)(CID=(PROGRAM=C:\Program Files\Sybase\PowerBuilder 10.0\PB100.EXE)(HOST=DELL-4700C-TF)(USER=Fujimoto-t))))

  VERSION INFORMATION:
	TNS for 32-bit Windows: Version 9.2.0.1.0 - Production
	Windows NT TCP/IP NT Protocol Adapter for 32-bit Windows: Version 9.2.0.1.0 - Production
  Time: 05-JAN-2009 13:31:57
  Tracing not turned on.
  Tns error struct:
    nr err code: 0
    ns main err code: 12535
    TNS-12535: TNS: 操作はタイム・アウトしました。
    ns secondary err code: 12560
    nt main err code: 505
    TNS-00505: 操作タイムアウトです。
    nt secondary err code: 60
    nt OS err code: 0


***********************************************************************
Fatal NI connect error 12535, connecting to:
 (DESCRIPTION=(ADDRESS=(PROTOCOL=TCP)(HOST=128.1.11.1)(PORT=1521))(CONNECT_DATA=(SERVICE_NAME=morocom)(CID=(PROGRAM=C:\Program Files\Sybase\PowerBuilder 10.0\PB100.EXE)(HOST=OHRAI)(USER=ohrai-h))))

  VERSION INFORMATION:
	TNS for 32-bit Windows: Version 9.2.0.1.0 - Production
	Windows NT TCP/IP NT Protocol Adapter for 32-bit Windows: Version 9.2.0.1.0 - Production
  Time: 10-JAN-2009 02:52:26
  Tracing not turned on.
  Tns error struct:
    nr err code: 0
    ns main err code: 12535
    TNS-12535: TNS: 操作はタイム・アウトしました。
    ns secondary err code: 12560
    nt main err code: 505
    TNS-00505: 操作タイムアウトです。
    nt secondary err code: 60
    nt OS err code: 0


***********************************************************************
Fatal NI connect error 12535, connecting to:
 (DESCRIPTION=(ADDRESS=(PROTOCOL=TCP)(HOST=128.1.11.2)(PORT=1521))(CONNECT_DATA=(SERVICE_NAME=morogai)(CID=(PROGRAM=C:\Program Files\Sybase\PowerBuilder 10.0\PB100.EXE)(HOST=OHRAI)(USER=ohrai-h))))

  VERSION INFORMATION:
	TNS for 32-bit Windows: Version 9.2.0.1.0 - Production
	Windows NT TCP/IP NT Protocol Adapter for 32-bit Windows: Version 9.2.0.1.0 - Production
  Time: 19-JAN-2009 13:15:10
  Tracing not turned on.
  Tns error struct:
    nr err code: 0
    ns main err code: 12535
    TNS-12535: TNS: 操作はタイム・アウトしました。
    ns secondary err code: 12560
    nt main err code: 505
    TNS-00505: 操作タイムアウトです。
    nt secondary err code: 60
    nt OS err code: 0


***********************************************************************
Fatal NI connect error 12535, connecting to:
 (DESCRIPTION=(ADDRESS=(PROTOCOL=TCP)(HOST=128.1.11.1)(PORT=1521))(CONNECT_DATA=(SERVICE_NAME=morocom)(CID=(PROGRAM=C:\Program Files\Sybase\PowerBuilder 10.0\PB100.EXE)(HOST=OHRAI)(USER=ohrai-h))))

  VERSION INFORMATION:
	TNS for 32-bit Windows: Version 9.2.0.1.0 - Production
	Windows NT TCP/IP NT Protocol Adapter for 32-bit Windows: Version 9.2.0.1.0 - Production
  Time: 21-JAN-2009 11:50:58
  Tracing not turned on.
  Tns error struct:
    nr err code: 0
    ns main err code: 12535
    TNS-12535: TNS: 操作はタイム・アウトしました。
    ns secondary err code: 12560
    nt main err code: 505
    TNS-00505: 操作タイムアウトです。
    nt secondary err code: 60
    nt OS err code: 0


***********************************************************************
Fatal NI connect error 12535, connecting to:
 (DESCRIPTION=(ADDRESS=(PROTOCOL=TCP)(HOST=128.1.11.1)(PORT=1521))(CONNECT_DATA=(SERVICE_NAME=morocom)(CID=(PROGRAM=C:\Program Files\Sybase\PowerBuilder 10.0\PB100.EXE)(HOST=OHRAI)(USER=ohrai-h))))

  VERSION INFORMATION:
	TNS for 32-bit Windows: Version 9.2.0.1.0 - Production
	Windows NT TCP/IP NT Protocol Adapter for 32-bit Windows: Version 9.2.0.1.0 - Production
  Time: 22-JAN-2009 22:48:00
  Tracing not turned on.
  Tns error struct:
    nr err code: 0
    ns main err code: 12535
    TNS-12535: TNS: 操作はタイム・アウトしました。
    ns secondary err code: 12560
    nt main err code: 505
    TNS-00505: 操作タイムアウトです。
    nt secondary err code: 60
    nt OS err code: 0


***********************************************************************
Fatal NI connect error 12535, connecting to:
 (DESCRIPTION=(ADDRESS=(PROTOCOL=TCP)(HOST=128.1.11.1)(PORT=1521))(CONNECT_DATA=(SID=MOROCOM)(CID=(PROGRAM=C:\Program Files\Sybase\PowerBuilder 10.0\PB100.EXE)(HOST=DELL-4700C-TF)(USER=Fujimoto-t))))

  VERSION INFORMATION:
	TNS for 32-bit Windows: Version 9.2.0.1.0 - Production
	Windows NT TCP/IP NT Protocol Adapter for 32-bit Windows: Version 9.2.0.1.0 - Production
  Time: 02-FEB-2009 14:27:09
  Tracing not turned on.
  Tns error struct:
    nr err code: 0
    ns main err code: 12535
    TNS-12535: TNS: 操作はタイム・アウトしました。
    ns secondary err code: 12560
    nt main err code: 505
    TNS-00505: 操作タイムアウトです。
    nt secondary err code: 60
    nt OS err code: 0


***********************************************************************
Fatal NI connect error 12535, connecting to:
 (DESCRIPTION=(ADDRESS=(PROTOCOL=TCP)(HOST=128.1.11.1)(PORT=1521))(CONNECT_DATA=(SID=MOROCOM)(CID=(PROGRAM=C:\Program Files\Sybase\PowerBuilder 10.0\PB100.EXE)(HOST=DELL-4700C-TF)(USER=Fujimoto-t))))

  VERSION INFORMATION:
	TNS for 32-bit Windows: Version 9.2.0.1.0 - Production
	Windows NT TCP/IP NT Protocol Adapter for 32-bit Windows: Version 9.2.0.1.0 - Production
  Time: 16-FEB-2009 14:10:26
  Tracing not turned on.
  Tns error struct:
    nr err code: 0
    ns main err code: 12535
    TNS-12535: TNS: 操作はタイム・アウトしました。
    ns secondary err code: 12560
    nt main err code: 505
    TNS-00505: 操作タイムアウトです。
    nt secondary err code: 60
    nt OS err code: 0


***********************************************************************
Fatal NI connect error 12535, connecting to:
 (DESCRIPTION=(ADDRESS=(PROTOCOL=TCP)(HOST=128.8.100.100)(PORT=1521))(CONNECT_DATA=(SID=MOROMIS)(CID=(PROGRAM=C:\Program Files\Sybase\PowerBuilder 10.0\PB100.EXE)(HOST=DELL-4700C-TF)(USER=Fujimoto-t))))

  VERSION INFORMATION:
	TNS for 32-bit Windows: Version 9.2.0.1.0 - Production
	Windows NT TCP/IP NT Protocol Adapter for 32-bit Windows: Version 9.2.0.1.0 - Production
  Time: 16-FEB-2009 19:24:30
  Tracing not turned on.
  Tns error struct:
    nr err code: 0
    ns main err code: 12535
    TNS-12535: TNS: 操作はタイム・アウトしました。
    ns secondary err code: 12560
    nt main err code: 505
    TNS-00505: 操作タイムアウトです。
    nt secondary err code: 60
    nt OS err code: 0


***********************************************************************
Fatal NI connect error 12535, connecting to:
 (DESCRIPTION=(ADDRESS=(PROTOCOL=TCP)(HOST=128.1.11.1)(PORT=1521))(CONNECT_DATA=(SID=MOROCOM)(CID=(PROGRAM=C:\Program Files\Sybase\PowerBuilder 10.0\PB100.EXE)(HOST=DELL-4700C-TF)(USER=Fujimoto-t))))

  VERSION INFORMATION:
	TNS for 32-bit Windows: Version 9.2.0.1.0 - Production
	Windows NT TCP/IP NT Protocol Adapter for 32-bit Windows: Version 9.2.0.1.0 - Production
  Time: 17-FEB-2009 17:10:21
  Tracing not turned on.
  Tns error struct:
    nr err code: 0
    ns main err code: 12535
    TNS-12535: TNS: 操作はタイム・アウトしました。
    ns secondary err code: 12560
    nt main err code: 505
    TNS-00505: 操作タイムアウトです。
    nt secondary err code: 60
    nt OS err code: 0


***********************************************************************
Fatal NI connect error 12535, connecting to:
 (DESCRIPTION=(ADDRESS=(PROTOCOL=TCP)(HOST=128.102.1.43)(PORT=1521))(CONNECT_DATA=(SERVICE_NAME=ORCL)(CID=(PROGRAM=C:\Program Files\Sybase\PowerBuilder 10.0\PB100.EXE)(HOST=DELL-4700C-TF)(USER=Fujimoto-t))))

  VERSION INFORMATION:
	TNS for 32-bit Windows: Version 9.2.0.1.0 - Production
	Windows NT TCP/IP NT Protocol Adapter for 32-bit Windows: Version 9.2.0.1.0 - Production
  Time: 23-FEB-2009 15:56:22
  Tracing not turned on.
  Tns error struct:
    nr err code: 0
    ns main err code: 12535
    TNS-12535: TNS: 操作はタイム・アウトしました。
    ns secondary err code: 12560
    nt main err code: 505
    TNS-00505: 操作タイムアウトです。
    nt secondary err code: 60
    nt OS err code: 0


***********************************************************************
Fatal NI connect error 12535, connecting to:
 (DESCRIPTION=(ADDRESS=(PROTOCOL=TCP)(HOST=128.1.11.1)(PORT=1521))(CONNECT_DATA=(SID=MOROCOM)(CID=(PROGRAM=C:\Program Files\Sybase\PowerBuilder 10.0\PB100.EXE)(HOST=DELL-4700C-TF)(USER=Fujimoto-t))))

  VERSION INFORMATION:
	TNS for 32-bit Windows: Version 9.2.0.1.0 - Production
	Windows NT TCP/IP NT Protocol Adapter for 32-bit Windows: Version 9.2.0.1.0 - Production
  Time: 04-MAR-2009 15:19:29
  Tracing not turned on.
  Tns error struct:
    nr err code: 0
    ns main err code: 12535
    TNS-12535: TNS: 操作はタイム・アウトしました。
    ns secondary err code: 12560
    nt main err code: 505
    TNS-00505: 操作タイムアウトです。
    nt secondary err code: 60
    nt OS err code: 0


***********************************************************************
Fatal NI connect error 12535, connecting to:
 (DESCRIPTION=(ADDRESS=(PROTOCOL=TCP)(HOST=128.8.100.100)(PORT=1521))(CONNECT_DATA=(SERVICE_NAME=moromis)(CID=(PROGRAM=C:\Program Files\Sybase\PowerBuilder 10.0\PB100.EXE)(HOST=OHRAI)(USER=ohrai-h))))

  VERSION INFORMATION:
	TNS for 32-bit Windows: Version 9.2.0.1.0 - Production
	Windows NT TCP/IP NT Protocol Adapter for 32-bit Windows: Version 9.2.0.1.0 - Production
  Time: 06-MAR-2009 23:15:01
  Tracing not turned on.
  Tns error struct:
    nr err code: 0
    ns main err code: 12535
    TNS-12535: TNS: 操作はタイム・アウトしました。
    ns secondary err code: 12560
    nt main err code: 505
    TNS-00505: 操作タイムアウトです。
    nt secondary err code: 60
    nt OS err code: 0


***********************************************************************
Fatal NI connect error 12535, connecting to:
 (DESCRIPTION=(ADDRESS=(PROTOCOL=TCP)(HOST=128.1.11.1)(PORT=1521))(CONNECT_DATA=(SERVICE_NAME=MOROCOM)(CID=(PROGRAM=C:\Program Files\Sybase\PowerBuilder 10.0\PB100.EXE)(HOST=DELL_OHRAI-H)(USER=ohrai-h))))

  VERSION INFORMATION:
	TNS for 32-bit Windows: Version 9.2.0.1.0 - Production
	Windows NT TCP/IP NT Protocol Adapter for 32-bit Windows: Version 9.2.0.1.0 - Production
  Time: 05-APR-2009 16:08:01
  Tracing not turned on.
  Tns error struct:
    nr err code: 0
    ns main err code: 12535
    TNS-12535: TNS: 操作はタイム・アウトしました。
    ns secondary err code: 12560
    nt main err code: 505
    TNS-00505: 操作タイムアウトです。
    nt secondary err code: 60
    nt OS err code: 0


***********************************************************************
Fatal NI connect error 12535, connecting to:
 (DESCRIPTION=(ADDRESS=(PROTOCOL=TCP)(HOST=128.1.11.1)(PORT=1521))(CONNECT_DATA=(SERVICE_NAME=MOROCOM)(CID=(PROGRAM=C:\Program Files\Sybase\PowerBuilder 10.0\PB100.EXE)(HOST=DELL_OHRAI-H)(USER=ohrai-h))))

  VERSION INFORMATION:
	TNS for 32-bit Windows: Version 9.2.0.1.0 - Production
	Windows NT TCP/IP NT Protocol Adapter for 32-bit Windows: Version 9.2.0.1.0 - Production
  Time: 13-APR-2009 21:08:46
  Tracing not turned on.
  Tns error struct:
    nr err code: 0
    ns main err code: 12535
    TNS-12535: TNS: 操作はタイム・アウトしました。
    ns secondary err code: 12560
    nt main err code: 505
    TNS-00505: 操作タイムアウトです。
    nt secondary err code: 60
    nt OS err code: 0


***********************************************************************
Fatal NI connect error 12535, connecting to:
 (DESCRIPTION=(ADDRESS=(PROTOCOL=TCP)(HOST=128.1.11.1)(PORT=1521))(CONNECT_DATA=(SID=MOROCOM)(CID=(PROGRAM=C:\Program Files\Sybase\PowerBuilder 10.0\PB100.EXE)(HOST=DELL-4700C-TF)(USER=Fujimoto-t))))

  VERSION INFORMATION:
	TNS for 32-bit Windows: Version 9.2.0.1.0 - Production
	Windows NT TCP/IP NT Protocol Adapter for 32-bit Windows: Version 9.2.0.1.0 - Production
  Time: 24-AUG-2009 09:19:42
  Tracing not turned on.
  Tns error struct:
    nr err code: 0
    ns main err code: 12535
    TNS-12535: TNS: 操作はタイム・アウトしました。
    ns secondary err code: 12560
    nt main err code: 505
    TNS-00505: 操作タイムアウトです。
    nt secondary err code: 60
    nt OS err code: 0


***********************************************************************
Fatal NI connect error 12535, connecting to:
 (DESCRIPTION=(ADDRESS=(PROTOCOL=TCP)(HOST=128.102.1.43)(PORT=1521))(CONNECT_DATA=(SERVICE_NAME=ORCL)(CID=(PROGRAM=C:\Program Files\Sybase\PowerBuilder 10.0\PB100.EXE)(HOST=DELL-4700C-TF)(USER=Fujimoto-t))))

  VERSION INFORMATION:
	TNS for 32-bit Windows: Version 9.2.0.1.0 - Production
	Windows NT TCP/IP NT Protocol Adapter for 32-bit Windows: Version 9.2.0.1.0 - Production
  Time: 27-NOV-2009 14:22:59
  Tracing not turned on.
  Tns error struct:
    nr err code: 0
    ns main err code: 12535
    TNS-12535: TNS: 操作はタイム・アウトしました。
    ns secondary err code: 12560
    nt main err code: 505
    TNS-00505: 操作タイムアウトです。
    nt secondary err code: 60
    nt OS err code: 0


***********************************************************************
Fatal NI connect error 12535, connecting to:
 (DESCRIPTION=(ADDRESS=(PROTOCOL=TCP)(HOST=128.1.11.1)(PORT=1521))(CONNECT_DATA=(SID=MOROCOM)(CID=(PROGRAM=C:\Program Files\Sybase\PowerBuilder 10.0\PB100.EXE)(HOST=DELL-4700C-TF)(USER=Fujimoto-t))))

  VERSION INFORMATION:
	TNS for 32-bit Windows: Version 9.2.0.1.0 - Production
	Windows NT TCP/IP NT Protocol Adapter for 32-bit Windows: Version 9.2.0.1.0 - Production
  Time: 01-FEB-2010 10:31:30
  Tracing not turned on.
  Tns error struct:
    nr err code: 0
    ns main err code: 12535
    TNS-12535: TNS: 操作はタイム・アウトしました。
    ns secondary err code: 12560
    nt main err code: 505
    TNS-00505: 操作タイムアウトです。
    nt secondary err code: 60
    nt OS err code: 0


***********************************************************************
Fatal NI connect error 12535, connecting to:
 (DESCRIPTION=(ADDRESS=(PROTOCOL=TCP)(HOST=128.1.11.1)(PORT=1521))(CONNECT_DATA=(SID=MOROCOM)(CID=(PROGRAM=C:\Program Files\Sybase\PowerBuilder 10.0\PB100.EXE)(HOST=DELL-4700C-TF)(USER=Fujimoto-t))))

  VERSION INFORMATION:
	TNS for 32-bit Windows: Version 9.2.0.1.0 - Production
	Windows NT TCP/IP NT Protocol Adapter for 32-bit Windows: Version 9.2.0.1.0 - Production
  Time: 02-MAR-2010 20:27:32
  Tracing not turned on.
  Tns error struct:
    nr err code: 0
    ns main err code: 12535
    TNS-12535: TNS: 操作はタイム・アウトしました。
    ns secondary err code: 12560
    nt main err code: 505
    TNS-00505: 操作タイムアウトです。
    nt secondary err code: 60
    nt OS err code: 0


***********************************************************************
Fatal NI connect error 12170.

  VERSION INFORMATION:
	TNS for 32-bit Windows: Version 10.1.0.2.0 - Production
	Windows NT TCP/IP NT Protocol Adapter for 32-bit Windows: Version 10.1.0.2.0 - Production
  Time: 09-4月 -2010 20:04:59
  Tracing not turned on.
  Tns error struct:
    ns main err code: 12535
    TNS-12535: TNS: 操作はタイム・アウトしました。
    ns secondary err code: 12560
    nt main err code: 505
    TNS-00505: 操作タイムアウトです。
    nt secondary err code: 60
    nt OS err code: 0
  Client address: <unknown>


***********************************************************************
Fatal NI connect error 12170.

  VERSION INFORMATION:
	TNS for 32-bit Windows: Version 10.1.0.2.0 - Production
	Windows NT TCP/IP NT Protocol Adapter for 32-bit Windows: Version 10.1.0.2.0 - Production
  Time: 14-4月 -2010 21:03:42
  Tracing not turned on.
  Tns error struct:
    ns main err code: 12535
    TNS-12535: TNS: 操作はタイム・アウトしました。
    ns secondary err code: 12560
    nt main err code: 505
    TNS-00505: 操作タイムアウトです。
    nt secondary err code: 60
    nt OS err code: 0
  Client address: <unknown>


***********************************************************************
Fatal NI connect error 12535, connecting to:
 (DESCRIPTION=(ADDRESS=(PROTOCOL=TCP)(HOST=128.1.11.1)(PORT=1521))(CONNECT_DATA=(SERVICE_NAME=MOROCOM)(CID=(PROGRAM=C:\Program Files\Sybase\PowerBuilder 10.0\PB100.EXE)(HOST=DELL_OHRAI-H)(USER=ohrai-h))))

  VERSION INFORMATION:
	TNS for 32-bit Windows: Version 9.2.0.1.0 - Production
	Windows NT TCP/IP NT Protocol Adapter for 32-bit Windows: Version 9.2.0.1.0 - Production
  Time: 23-APR-2010 19:33:40
  Tracing not turned on.
  Tns error struct:
    nr err code: 0
    ns main err code: 12535
    TNS-12535: TNS: 操作はタイム・アウトしました。
    ns secondary err code: 12560
    nt main err code: 505
    TNS-00505: 操作タイムアウトです。
    nt secondary err code: 60
    nt OS err code: 0


***********************************************************************
Fatal NI connect error 12518, connecting to:
 (DESCRIPTION=(ADDRESS=(PROTOCOL=TCP)(HOST=hpdb)(PORT=1521))(CONNECT_DATA=(SERVICE_NAME=hpdb)(CID=(PROGRAM=C:\Program?Files\Sybase\PowerBuilder?10.0\PB100.EXE)(HOST=DELL-OMINE)(USER=ohmine-a))))

  VERSION INFORMATION:
	TNS for 32-bit Windows: Version 10.2.0.3.0 - Production
	Windows NT TCP/IP NT Protocol Adapter for 32-bit Windows: Version 10.2.0.3.0 - Production
  Time: 08-6月 -2010 14:51:09
  Tracing not turned on.
  Tns error struct:
    ns main err code: 12564
    TNS-12564: TNS: 接続が拒否されました。
    ns secondary err code: 0
    nt main err code: 0
    nt secondary err code: 0
    nt OS err code: 0


***********************************************************************
Fatal NI connect error 12518, connecting to:
 (DESCRIPTION=(ADDRESS=(PROTOCOL=TCP)(HOST=hpdb)(PORT=1521))(CONNECT_DATA=(SERVICE_NAME=hpdb)(CID=(PROGRAM=C:\Program?Files\Sybase\PowerBuilder?10.0\PB100.EXE)(HOST=DELL-OMINE)(USER=ohmine-a))))

  VERSION INFORMATION:
	TNS for 32-bit Windows: Version 10.2.0.3.0 - Production
	Windows NT TCP/IP NT Protocol Adapter for 32-bit Windows: Version 10.2.0.3.0 - Production
  Time: 08-6月 -2010 14:51:33
  Tracing not turned on.
  Tns error struct:
    ns main err code: 12564
    TNS-12564: TNS: 接続が拒否されました。
    ns secondary err code: 0
    nt main err code: 0
    nt secondary err code: 0
    nt OS err code: 0


***********************************************************************
Fatal NI connect error 12560, connecting to:
 (DESCRIPTION=(ADDRESS=(PROTOCOL=BEQ)(PROGRAM=oracle)(ARGV0=oracleORCL)(ARGS='(DESCRIPTION=(LOCAL=YES)(ADDRESS=(PROTOCOL=beq)))'))(CONNECT_DATA=(SID=ORCL)(CID=(PROGRAM=C:\Program?Files\Sybase\PowerBuilder?10.0\PB100.EXE)(HOST=9FEE411410EB444)(USER=kubota-a))))

  VERSION INFORMATION:
	TNS for 32-bit Windows: Version 10.2.0.3.0 - Production
	Oracle Bequeath NT Protocol Adapter for 32-bit Windows: Version 10.2.0.3.0 - Production
  Time: 02-7月 -2010 14:46:51
  Tracing not turned on.
  Tns error struct:
    ns main err code: 12560
    TNS-12560: TNS: プロトコル・アダプタ・エラー
    ns secondary err code: 0
    nt main err code: 530
    TNS-00530: プロトコル・アダプタ・エラーです。
    nt secondary err code: 126
    nt OS err code: 0


***********************************************************************
Fatal NI connect error 12560, connecting to:
 (DESCRIPTION=(ADDRESS=(PROTOCOL=BEQ)(PROGRAM=oracle)(ARGV0=oracleORCL)(ARGS='(DESCRIPTION=(LOCAL=YES)(ADDRESS=(PROTOCOL=beq)))'))(CONNECT_DATA=(SID=ORCL)(CID=(PROGRAM=C:\Program?Files\Sybase\PowerBuilder?10.0\PB100.EXE)(HOST=9FEE411410EB444)(USER=kubota-a))))

  VERSION INFORMATION:
	TNS for 32-bit Windows: Version 10.2.0.3.0 - Production
	Oracle Bequeath NT Protocol Adapter for 32-bit Windows: Version 10.2.0.3.0 - Production
	Windows NT TCP/IP NT Protocol Adapter for 32-bit Windows: Version 10.2.0.3.0 - Production
  Time: 02-7月 -2010 14:47:18
  Tracing not turned on.
  Tns error struct:
    ns main err code: 12560
    TNS-12560: TNS: プロトコル・アダプタ・エラー
    ns secondary err code: 0
    nt main err code: 530
    TNS-00530: プロトコル・アダプタ・エラーです。
    nt secondary err code: 126
    nt OS err code: 0


***********************************************************************
Fatal NI connect error 12560, connecting to:
 (DESCRIPTION=(ADDRESS=(PROTOCOL=BEQ)(PROGRAM=oracle)(ARGV0=oracleORCL)(ARGS='(DESCRIPTION=(LOCAL=YES)(ADDRESS=(PROTOCOL=beq)))'))(CONNECT_DATA=(SID=ORCL)(CID=(PROGRAM=C:\Program?Files\Sybase\PowerBuilder?10.0\PB100.EXE)(HOST=9FEE411410EB444)(USER=kubota-a))))

  VERSION INFORMATION:
	TNS for 32-bit Windows: Version 10.2.0.3.0 - Production
	Oracle Bequeath NT Protocol Adapter for 32-bit Windows: Version 10.2.0.3.0 - Production
	Windows NT TCP/IP NT Protocol Adapter for 32-bit Windows: Version 10.2.0.3.0 - Production
  Time: 02-7月 -2010 14:47:31
  Tracing not turned on.
  Tns error struct:
    ns main err code: 12560
    TNS-12560: TNS: プロトコル・アダプタ・エラー
    ns secondary err code: 0
    nt main err code: 530
    TNS-00530: プロトコル・アダプタ・エラーです。
    nt secondary err code: 126
    nt OS err code: 0


***********************************************************************
Fatal NI connect error 12560, connecting to:
 (DESCRIPTION=(ADDRESS=(PROTOCOL=BEQ)(PROGRAM=oracle)(ARGV0=oracleORCL)(ARGS='(DESCRIPTION=(LOCAL=YES)(ADDRESS=(PROTOCOL=beq)))'))(CONNECT_DATA=(SID=ORCL)(CID=(PROGRAM=C:\Program?Files\Sybase\PowerBuilder?10.0\PB100.EXE)(HOST=9FEE411410EB444)(USER=kubota-a))))

  VERSION INFORMATION:
	TNS for 32-bit Windows: Version 10.2.0.3.0 - Production
	Oracle Bequeath NT Protocol Adapter for 32-bit Windows: Version 10.2.0.3.0 - Production
	Windows NT TCP/IP NT Protocol Adapter for 32-bit Windows: Version 10.2.0.3.0 - Production
  Time: 02-7月 -2010 14:50:38
  Tracing not turned on.
  Tns error struct:
    ns main err code: 12560
    TNS-12560: TNS: プロトコル・アダプタ・エラー
    ns secondary err code: 0
    nt main err code: 530
    TNS-00530: プロトコル・アダプタ・エラーです。
    nt secondary err code: 126
    nt OS err code: 0


***********************************************************************
Fatal NI connect error 12560, connecting to:
 (DESCRIPTION=(ADDRESS=(PROTOCOL=BEQ)(PROGRAM=oracle)(ARGV0=oracleORCL)(ARGS='(DESCRIPTION=(LOCAL=YES)(ADDRESS=(PROTOCOL=beq)))'))(CONNECT_DATA=(SID=ORCL)(CID=(PROGRAM=C:\Program?Files\Sybase\PowerBuilder?10.0\PB100.EXE)(HOST=9FEE411410EB444)(USER=kubota-a))))

  VERSION INFORMATION:
	TNS for 32-bit Windows: Version 10.2.0.3.0 - Production
	Oracle Bequeath NT Protocol Adapter for 32-bit Windows: Version 10.2.0.3.0 - Production
	Windows NT TCP/IP NT Protocol Adapter for 32-bit Windows: Version 10.2.0.3.0 - Production
  Time: 02-7月 -2010 14:51:18
  Tracing not turned on.
  Tns error struct:
    ns main err code: 12560
    TNS-12560: TNS: プロトコル・アダプタ・エラー
    ns secondary err code: 0
    nt main err code: 530
    TNS-00530: プロトコル・アダプタ・エラーです。
    nt secondary err code: 126
    nt OS err code: 0


***********************************************************************
Fatal NI connect error 12560, connecting to:
 (DESCRIPTION=(ADDRESS=(PROTOCOL=BEQ)(PROGRAM=oracle)(ARGV0=oracleORCL)(ARGS='(DESCRIPTION=(LOCAL=YES)(ADDRESS=(PROTOCOL=beq)))'))(CONNECT_DATA=(SID=ORCL)(CID=(PROGRAM=C:\Program?Files\Sybase\PowerBuilder?10.0\PB100.EXE)(HOST=9FEE411410EB444)(USER=kubota-a))))

  VERSION INFORMATION:
	TNS for 32-bit Windows: Version 10.2.0.3.0 - Production
	Oracle Bequeath NT Protocol Adapter for 32-bit Windows: Version 10.2.0.3.0 - Production
	Windows NT TCP/IP NT Protocol Adapter for 32-bit Windows: Version 10.2.0.3.0 - Production
  Time: 02-7月 -2010 14:58:23
  Tracing not turned on.
  Tns error struct:
    ns main err code: 12560
    TNS-12560: TNS: プロトコル・アダプタ・エラー
    ns secondary err code: 0
    nt main err code: 530
    TNS-00530: プロトコル・アダプタ・エラーです。
    nt secondary err code: 126
    nt OS err code: 0


***********************************************************************
Fatal NI connect error 12560, connecting to:
 (DESCRIPTION=(ADDRESS=(PROTOCOL=BEQ)(PROGRAM=oracle)(ARGV0=oracleORCL)(ARGS='(DESCRIPTION=(LOCAL=YES)(ADDRESS=(PROTOCOL=beq)))'))(CONNECT_DATA=(SID=ORCL)(CID=(PROGRAM=C:\Program?Files\Sybase\PowerBuilder?10.0\PB100.EXE)(HOST=9FEE411410EB444)(USER=kubota-a))))

  VERSION INFORMATION:
	TNS for 32-bit Windows: Version 10.2.0.3.0 - Production
	Oracle Bequeath NT Protocol Adapter for 32-bit Windows: Version 10.2.0.3.0 - Production
	Windows NT TCP/IP NT Protocol Adapter for 32-bit Windows: Version 10.2.0.3.0 - Production
  Time: 02-7月 -2010 14:58:27
  Tracing not turned on.
  Tns error struct:
    ns main err code: 12560
    TNS-12560: TNS: プロトコル・アダプタ・エラー
    ns secondary err code: 0
    nt main err code: 530
    TNS-00530: プロトコル・アダプタ・エラーです。
    nt secondary err code: 126
    nt OS err code: 0


***********************************************************************
Fatal NI connect error 12545, connecting to:
 (DESCRIPTION=(ADDRESS=(PROTOCOL=TCP)(HOST=jpt64)(PORT=1521))(CONNECT_DATA=(SERVICE_NAME=jpt64)(CID=(PROGRAM=C:\Program Files\Sybase\PowerBuilder 10.0\PB100.EXE)(HOST=OHMINE-A-PC)(USER=ohmine-a))))

  VERSION INFORMATION:
	TNS for 32-bit Windows: Version 10.2.0.1.0 - Production
	Windows NT TCP/IP NT Protocol Adapter for 32-bit Windows: Version 10.2.0.1.0 - Production
  Time: 10-9月 -2015 15:25:52
  Tracing not turned on.
  Tns error struct:
    ns main err code: 12545
    TNS-12545: 接続に失敗しました。ターゲット・ホストまたはオブジェクトが存在しません。
    ns secondary err code: 12560
    nt main err code: 515
    TNS-00515: 接続に失敗しました。ターゲット・ホストまたはオブジェクトが存在しません。
    nt secondary err code: 1001
    nt OS err code: 0


***********************************************************************
Fatal NI connect error 12545, connecting to:
 (DESCRIPTION=(ADDRESS=(PROTOCOL=TCP)(HOST=jpt64)(PORT=1521))(CONNECT_DATA=(SERVICE_NAME=jpt64)(CID=(PROGRAM=C:\Program Files\Sybase\PowerBuilder 10.0\PB100.EXE)(HOST=OHMINE-A-PC)(USER=ohmine-a))))

  VERSION INFORMATION:
	TNS for 32-bit Windows: Version 10.2.0.1.0 - Production
	Windows NT TCP/IP NT Protocol Adapter for 32-bit Windows: Version 10.2.0.1.0 - Production
  Time: 10-9月 -2015 15:46:29
  Tracing not turned on.
  Tns error struct:
    ns main err code: 12545
    TNS-12545: 接続に失敗しました。ターゲット・ホストまたはオブジェクトが存在しません。
    ns secondary err code: 12560
    nt main err code: 515
    TNS-00515: 接続に失敗しました。ターゲット・ホストまたはオブジェクトが存在しません。
    nt secondary err code: 1004
    nt OS err code: 0
